\BOOKMARK [0][-]{chapter.1}{Breakfasts}{}% 1
\BOOKMARK [1][-]{section.1.1}{Egg Sandwich}{chapter.1}% 2
\BOOKMARK [1][-]{section.1.2}{Spinach and Feta Eggs}{chapter.1}% 3
\BOOKMARK [1][-]{section.1.3}{Venison and Eggs}{chapter.1}% 4
\BOOKMARK [0][-]{chapter.2}{Lunches}{}% 5
\BOOKMARK [1][-]{section.2.1}{Spicy Mexican Soup}{chapter.2}% 6
\BOOKMARK [1][-]{section.2.2}{Mango Salsa Taco}{chapter.2}% 7
\BOOKMARK [1][-]{section.2.3}{Vegetable Stir Fry With Rice Noodles}{chapter.2}% 8
\BOOKMARK [1][-]{section.2.4}{Steak Sandwich with Tomato Relish}{chapter.2}% 9
\BOOKMARK [1][-]{section.2.5}{Fresh and Simple Pizza}{chapter.2}% 10
\BOOKMARK [0][-]{chapter.3}{Dinners}{}% 11
\BOOKMARK [1][-]{section.3.1}{Calzone}{chapter.3}% 12
\BOOKMARK [1][-]{section.3.2}{Alfredo}{chapter.3}% 13
\BOOKMARK [1][-]{section.3.3}{Marinated Chicken And Vegetables on a Bed of Rice}{chapter.3}% 14
\BOOKMARK [1][-]{section.3.4}{Ground Beef Lasagna}{chapter.3}% 15
\BOOKMARK [1][-]{section.3.5}{Venison with Homemade Barbecue Sauce}{chapter.3}% 16
\BOOKMARK [0][-]{chapter.4}{Deserts}{}% 17
\BOOKMARK [1][-]{section.4.1}{New York Cheesecake}{chapter.4}% 18
\BOOKMARK [1][-]{section.4.2}{Cheesecake Topping}{chapter.4}% 19
\BOOKMARK [1][-]{section.4.3}{Warm Apple Tart With Vanilla Ice Cream}{chapter.4}% 20
