This is XeTeX, Version 3.14159265-2.6-0.99998 (MiKTeX 2.9.6300 64-bit) (preloaded format=xelatex 2017.5.22)  22 MAY 2017 23:08
entering extended mode
**./Cookbook.tex
(Cookbook.tex
LaTeX2e <2017-04-15>
Babel <3.9r> and hyphenation patterns for 75 language(s) loaded.
("C:\Users\User\AppData\Local\Programs\MiKTeX 2.9\tex\latex\base\book.cls"
Document Class: book 2014/09/29 v1.4h Standard LaTeX document class
("C:\Users\User\AppData\Local\Programs\MiKTeX 2.9\tex\latex\base\bk11.clo"
File: bk11.clo 2014/09/29 v1.4h Standard LaTeX file (size option)
)
\c@part=\count79
\c@chapter=\count80
\c@section=\count81
\c@subsection=\count82
\c@subsubsection=\count83
\c@paragraph=\count84
\c@subparagraph=\count85
\c@figure=\count86
\c@table=\count87
\abovecaptionskip=\skip41
\belowcaptionskip=\skip42
\bibindent=\dimen102
)
\@input{./Resources/packages.aux}
\openout2 = `./Resources/packages.aux'.

(Resources/packages.tex
("C:\Users\User\AppData\Local\Programs\MiKTeX 2.9\tex\latex\base\inputenc.sty"
Package: inputenc 2015/03/17 v1.2c Input encoding file
\inpenc@prehook=\toks14
\inpenc@posthook=\toks15


Package inputenc Warning: inputenc package ignored with utf8 based engines.

)
("C:\Users\User\AppData\Local\Programs\MiKTeX 2.9\tex\latex\graphics\graphicx.s
ty"
Package: graphicx 2014/10/28 v1.0g Enhanced LaTeX Graphics (DPC,SPQR)

("C:\Users\User\AppData\Local\Programs\MiKTeX 2.9\tex\latex\graphics\keyval.sty
"
Package: keyval 2014/10/28 v1.15 key=value parser (DPC)
\KV@toks@=\toks16
)
("C:\Users\User\AppData\Local\Programs\MiKTeX 2.9\tex\latex\graphics\graphics.s
ty"
Package: graphics 2017/04/14 v1.1b Standard LaTeX Graphics (DPC,SPQR)

("C:\Users\User\AppData\Local\Programs\MiKTeX 2.9\tex\latex\graphics\trig.sty"
Package: trig 2016/01/03 v1.10 sin cos tan (DPC)
)
("C:\Users\User\AppData\Local\Programs\MiKTeX 2.9\tex\latex\graphics-cfg\graphi
cs.cfg"
File: graphics.cfg 2016/06/04 v1.11 sample graphics configuration
)
Package graphics Info: Driver file: xetex.def on input line 99.

("C:\Users\User\AppData\Local\Programs\MiKTeX 2.9\tex\latex\graphics-def\xetex.
def"
File: xetex.def 2016/07/11 v4.10 LaTeX color/graphics driver for XeTeX (L3/RRM/
JK)
))
\Gin@req@height=\dimen103
\Gin@req@width=\dimen104
)
("C:\Users\User\AppData\Local\Programs\MiKTeX 2.9\tex\latex\geometry\geometry.s
ty"
Package: geometry 2010/09/12 v5.6 Page Geometry

("C:\Users\User\AppData\Local\Programs\MiKTeX 2.9\tex\generic\oberdiek\ifpdf.st
y"
Package: ifpdf 2017/03/15 v3.2 Provides the ifpdf switch
)
("C:\Users\User\AppData\Local\Programs\MiKTeX 2.9\tex\generic\oberdiek\ifvtex.s
ty"
Package: ifvtex 2016/05/16 v1.6 Detect VTeX and its facilities (HO)
Package ifvtex Info: VTeX not detected.
)
("C:\Users\User\AppData\Local\Programs\MiKTeX 2.9\tex\generic\ifxetex\ifxetex.s
ty"
Package: ifxetex 2010/09/12 v0.6 Provides ifxetex conditional
)
\Gm@cnth=\count88
\Gm@cntv=\count89
\c@Gm@tempcnt=\count90
\Gm@bindingoffset=\dimen105
\Gm@wd@mp=\dimen106
\Gm@odd@mp=\dimen107
\Gm@even@mp=\dimen108
\Gm@layoutwidth=\dimen109
\Gm@layoutheight=\dimen110
\Gm@layouthoffset=\dimen111
\Gm@layoutvoffset=\dimen112
\Gm@dimlist=\toks17

("C:\Users\User\AppData\Local\Programs\MiKTeX 2.9\tex\xelatex\xetexconfig\geome
try.cfg"))
("C:\Users\User\AppData\Local\Programs\MiKTeX 2.9\tex\latex\mdframed\mdframed.s
ty"
Package: mdframed 2013/07/01 1.9b: mdframed

("C:\Users\User\AppData\Local\Programs\MiKTeX 2.9\tex\latex\oberdiek\kvoptions.
sty"
Package: kvoptions 2016/05/16 v3.12 Key value format for package options (HO)

("C:\Users\User\AppData\Local\Programs\MiKTeX 2.9\tex\generic\oberdiek\ltxcmds.
sty"
Package: ltxcmds 2016/05/16 v1.23 LaTeX kernel commands for general use (HO)
)
("C:\Users\User\AppData\Local\Programs\MiKTeX 2.9\tex\generic\oberdiek\kvsetkey
s.sty"
Package: kvsetkeys 2016/05/16 v1.17 Key value parser (HO)

("C:\Users\User\AppData\Local\Programs\MiKTeX 2.9\tex\generic\oberdiek\infwarer
r.sty"
Package: infwarerr 2016/05/16 v1.4 Providing info/warning/error messages (HO)
)
("C:\Users\User\AppData\Local\Programs\MiKTeX 2.9\tex\generic\oberdiek\etexcmds
.sty"
Package: etexcmds 2016/05/16 v1.6 Avoid name clashes with e-TeX commands (HO)

("C:\Users\User\AppData\Local\Programs\MiKTeX 2.9\tex\generic\oberdiek\ifluatex
.sty"
Package: ifluatex 2016/05/16 v1.4 Provides the ifluatex switch (HO)
Package ifluatex Info: LuaTeX not detected.
)
Package etexcmds Info: Could not find \expanded.
(etexcmds)             That can mean that you are not using pdfTeX 1.50 or
(etexcmds)             that some package has redefined \expanded.
(etexcmds)             In the latter case, load this package earlier.
)))
("C:\Users\User\AppData\Local\Programs\MiKTeX 2.9\tex\latex\l3packages\xparse\x
parse.sty"
("C:\Users\User\AppData\Local\Programs\MiKTeX 2.9\tex\latex\l3kernel\expl3.sty"
Package: expl3 2017/05/13 L3 programming layer (loader) 

("C:\Users\User\AppData\Local\Programs\MiKTeX 2.9\tex\latex\l3kernel\expl3-code
.tex"
Package: expl3 2017/05/13 L3 programming layer (code)
\c_max_int=\count91
\l_tmpa_int=\count92
\l_tmpb_int=\count93
\g_tmpa_int=\count94
\g_tmpb_int=\count95
\g__prg_map_int=\count96
\c_log_iow=\count97
\l_iow_line_count_int=\count98
\l__iow_line_target_int=\count99
\l__iow_one_indent_int=\count100
\l__iow_indent_int=\count101
\c_zero_dim=\dimen113
\c_max_dim=\dimen114
\l_tmpa_dim=\dimen115
\l_tmpb_dim=\dimen116
\g_tmpa_dim=\dimen117
\g_tmpb_dim=\dimen118
\c_zero_skip=\skip43
\c_max_skip=\skip44
\l_tmpa_skip=\skip45
\l_tmpb_skip=\skip46
\g_tmpa_skip=\skip47
\g_tmpb_skip=\skip48
\c_zero_muskip=\muskip10
\c_max_muskip=\muskip11
\l_tmpa_muskip=\muskip12
\l_tmpb_muskip=\muskip13
\g_tmpa_muskip=\muskip14
\g_tmpb_muskip=\muskip15
\l_keys_choice_int=\count102
\c__fp_leading_shift_int=\count103
\c__fp_middle_shift_int=\count104
\c__fp_trailing_shift_int=\count105
\c__fp_big_leading_shift_int=\count106
\c__fp_big_middle_shift_int=\count107
\c__fp_big_trailing_shift_int=\count108
\c__fp_Bigg_leading_shift_int=\count109
\c__fp_Bigg_middle_shift_int=\count110
\c__fp_Bigg_trailing_shift_int=\count111
\l__sort_length_int=\count112
\l__sort_min_int=\count113
\l__sort_top_int=\count114
\l__sort_max_int=\count115
\l__sort_true_max_int=\count116
\l__sort_block_int=\count117
\l__sort_begin_int=\count118
\l__sort_end_int=\count119
\l__sort_A_int=\count120
\l__sort_B_int=\count121
\l__sort_C_int=\count122
\c_empty_box=\box26
\l_tmpa_box=\box27
\l_tmpb_box=\box28
\g_tmpa_box=\box29
\g_tmpb_box=\box30
\l__box_top_dim=\dimen119
\l__box_bottom_dim=\dimen120
\l__box_left_dim=\dimen121
\l__box_right_dim=\dimen122
\l__box_top_new_dim=\dimen123
\l__box_bottom_new_dim=\dimen124
\l__box_left_new_dim=\dimen125
\l__box_right_new_dim=\dimen126
\l__box_internal_box=\box31
\l__coffin_internal_box=\box32
\l__coffin_internal_dim=\dimen127
\l__coffin_offset_x_dim=\dimen128
\l__coffin_offset_y_dim=\dimen129
\l__coffin_x_dim=\dimen130
\l__coffin_y_dim=\dimen131
\l__coffin_x_prime_dim=\dimen132
\l__coffin_y_prime_dim=\dimen133
\c_empty_coffin=\box33
\l__coffin_aligned_coffin=\box34
\l__coffin_aligned_internal_coffin=\box35
\l_tmpa_coffin=\box36
\l_tmpb_coffin=\box37
\l__coffin_display_coffin=\box38
\l__coffin_display_coord_coffin=\box39
\l__coffin_display_pole_coffin=\box40
\l__coffin_display_offset_dim=\dimen134
\l__coffin_display_x_dim=\dimen135
\l__coffin_display_y_dim=\dimen136
\l__coffin_bounding_shift_dim=\dimen137
\l__coffin_left_corner_dim=\dimen138
\l__coffin_right_corner_dim=\dimen139
\l__coffin_bottom_corner_dim=\dimen140
\l__coffin_top_corner_dim=\dimen141
\l__coffin_scaled_total_height_dim=\dimen142
\l__coffin_scaled_width_dim=\dimen143
)
("C:\Users\User\AppData\Local\Programs\MiKTeX 2.9\tex\latex\l3kernel\l3xdvipdfm
x.def"
File: l3xdvidpfmx.def 2017/03/18 v L3 Experimental driver: xdvipdfmx
\l__driver_tmp_box=\box41
))
Package: xparse 2017/05/13 L3 Experimental document command parser
\l__xparse_current_arg_int=\count123
\g__xparse_grabber_int=\count124
\l__xparse_m_args_int=\count125
\l__xparse_mandatory_args_int=\count126
\l__xparse_v_nesting_int=\count127
)
("C:\Users\User\AppData\Local\Programs\MiKTeX 2.9\tex\latex\etoolbox\etoolbox.s
ty"
Package: etoolbox 2017/01/02 v2.4 e-TeX tools for LaTeX (JAW)
\etb@tempcnta=\count128
)
("C:\Users\User\AppData\Local\Programs\MiKTeX 2.9\tex\latex\oberdiek\zref-abspa
ge.sty"
Package: zref-abspage 2016/05/21 v2.26 Module abspage for zref (HO)

("C:\Users\User\AppData\Local\Programs\MiKTeX 2.9\tex\latex\oberdiek\zref-base.
sty"
Package: zref-base 2016/05/21 v2.26 Module base for zref (HO)

("C:\Users\User\AppData\Local\Programs\MiKTeX 2.9\tex\generic\oberdiek\kvdefine
keys.sty"
Package: kvdefinekeys 2016/05/16 v1.4 Define keys (HO)
)
("C:\Users\User\AppData\Local\Programs\MiKTeX 2.9\tex\generic\oberdiek\pdftexcm
ds.sty"
Package: pdftexcmds 2017/03/19 v0.25 Utility functions of pdfTeX for LuaTeX (HO
)
Package pdftexcmds Info: LuaTeX not detected.
Package pdftexcmds Info: pdfTeX >= 1.30 not detected.
Package pdftexcmds Info: \pdf@primitive is available.
Package pdftexcmds Info: \pdf@ifprimitive is available.
Package pdftexcmds Info: \pdfdraftmode not found.
)
("C:\Users\User\AppData\Local\Programs\MiKTeX 2.9\tex\latex\oberdiek\auxhook.st
y"
Package: auxhook 2016/05/16 v1.4 Hooks for auxiliary files (HO)
)
Package zref Info: New property list: main on input line 759.
Package zref Info: New property: default on input line 760.
Package zref Info: New property: page on input line 761.
)
("C:\Users\User\AppData\Local\Programs\MiKTeX 2.9\tex\generic\oberdiek\atbegshi
.sty"
Package: atbegshi 2016/06/09 v1.18 At begin shipout hook (HO)
)
\c@abspage=\count129
Package zref Info: New property: abspage on input line 62.
)
("C:\Users\User\AppData\Local\Programs\MiKTeX 2.9\tex\latex\needspace\needspace
.sty"
Package: needspace 2010/09/12 v1.3d reserve vertical space
)
("C:\Users\User\AppData\Local\Programs\MiKTeX 2.9\tex\latex\graphics\color.sty"
Package: color 2016/07/10 v1.1e Standard LaTeX Color (DPC)

("C:\Users\User\AppData\Local\Programs\MiKTeX 2.9\tex\latex\graphics-cfg\color.
cfg"
File: color.cfg 2016/01/02 v1.6 sample color configuration
)
Package color Info: Driver file: xetex.def on input line 147.
)
\mdf@templength=\skip49
\c@mdf@globalstyle@cnt=\count130
\mdf@skipabove@length=\skip50
\mdf@skipbelow@length=\skip51
\mdf@leftmargin@length=\skip52
\mdf@rightmargin@length=\skip53
\mdf@innerleftmargin@length=\skip54
\mdf@innerrightmargin@length=\skip55
\mdf@innertopmargin@length=\skip56
\mdf@innerbottommargin@length=\skip57
\mdf@splittopskip@length=\skip58
\mdf@splitbottomskip@length=\skip59
\mdf@outermargin@length=\skip60
\mdf@innermargin@length=\skip61
\mdf@linewidth@length=\skip62
\mdf@innerlinewidth@length=\skip63
\mdf@middlelinewidth@length=\skip64
\mdf@outerlinewidth@length=\skip65
\mdf@roundcorner@length=\skip66
\mdf@footenotedistance@length=\skip67
\mdf@userdefinedwidth@length=\skip68
\mdf@needspace@length=\skip69
\mdf@frametitleaboveskip@length=\skip70
\mdf@frametitlebelowskip@length=\skip71
\mdf@frametitlerulewidth@length=\skip72
\mdf@frametitleleftmargin@length=\skip73
\mdf@frametitlerightmargin@length=\skip74
\mdf@shadowsize@length=\skip75
\mdf@extratopheight@length=\skip76
\mdf@subtitleabovelinewidth@length=\skip77
\mdf@subtitlebelowlinewidth@length=\skip78
\mdf@subtitleaboveskip@length=\skip79
\mdf@subtitlebelowskip@length=\skip80
\mdf@subtitleinneraboveskip@length=\skip81
\mdf@subtitleinnerbelowskip@length=\skip82
\mdf@subsubtitleabovelinewidth@length=\skip83
\mdf@subsubtitlebelowlinewidth@length=\skip84
\mdf@subsubtitleaboveskip@length=\skip85
\mdf@subsubtitlebelowskip@length=\skip86
\mdf@subsubtitleinneraboveskip@length=\skip87
\mdf@subsubtitleinnerbelowskip@length=\skip88

("C:\Users\User\AppData\Local\Programs\MiKTeX 2.9\tex\latex\mdframed\md-frame-0
.mdf"
File: md-frame-0.mdf 2013/07/01\ 1.9b: md-frame-0
)
\mdf@frametitlebox=\box42
\mdf@footnotebox=\box43
\mdf@splitbox@one=\box44
\mdf@splitbox@two=\box45
\mdf@splitbox@save=\box46
\mdfsplitboxwidth=\skip89
\mdfsplitboxtotalwidth=\skip90
\mdfsplitboxheight=\skip91
\mdfsplitboxdepth=\skip92
\mdfsplitboxtotalheight=\skip93
\mdfframetitleboxwidth=\skip94
\mdfframetitleboxtotalwidth=\skip95
\mdfframetitleboxheight=\skip96
\mdfframetitleboxdepth=\skip97
\mdfframetitleboxtotalheight=\skip98
\mdffootnoteboxwidth=\skip99
\mdffootnoteboxtotalwidth=\skip100
\mdffootnoteboxheight=\skip101
\mdffootnoteboxdepth=\skip102
\mdffootnoteboxtotalheight=\skip103
\mdftotallinewidth=\skip104
\mdfboundingboxwidth=\skip105
\mdfboundingboxtotalwidth=\skip106
\mdfboundingboxheight=\skip107
\mdfboundingboxdepth=\skip108
\mdfboundingboxtotalheight=\skip109
\mdf@freevspace@length=\skip110
\mdf@horizontalwidthofbox@length=\skip111
\mdf@verticalmarginwhole@length=\skip112
\mdf@horizontalspaceofbox=\skip113
\mdfsubtitleheight=\skip114
\mdfsubsubtitleheight=\skip115
\c@mdfcountframes=\count131

****** mdframed patching \endmdf@trivlist

****** -- success******

.................................................
. LaTeX info: "xparse/define-command"
. 
. Defining command \newmdtheoremenv with sig. 'O{} m o m o ' on line 601.
.................................................
.................................................
. LaTeX info: "xparse/define-command"
. 
. Defining command \mdtheorem with sig. ' O{} m o m o ' on line 701.
.................................................
\mdf@envdepth=\count132
\c@mdf@env@i=\count133
\c@mdf@env@ii=\count134
\c@mdf@zref@counter=\count135
Package zref Info: New property: mdf@pagevalue on input line 895.
)
("C:\Users\User\AppData\Local\Programs\MiKTeX 2.9\tex\latex\titlesec\titlesec.s
ty"
Package: titlesec 2016/03/21 v2.10.2 Sectioning titles
\ttl@box=\box47
\beforetitleunit=\skip116
\aftertitleunit=\skip117
\ttl@plus=\dimen144
\ttl@minus=\dimen145
\ttl@toksa=\toks18
\titlewidth=\dimen146
\titlewidthlast=\dimen147
\titlewidthfirst=\dimen148
)
("C:\Users\User\AppData\Local\Programs\MiKTeX 2.9\tex\latex\setspace\setspace.s
ty"
Package: setspace 2011/12/19 v6.7a set line spacing
)
("C:\Users\User\AppData\Local\Programs\MiKTeX 2.9\tex\latex\tools\verbatim.sty"
Package: verbatim 2014/10/28 v1.5q LaTeX2e package for verbatim enhancements
\every@verbatim=\toks19
\verbatim@line=\toks20
\verbatim@in@stream=\read1
) ("C:\Users\User\AppData\Local\Programs\MiKTeX 2.9\tex\latex\tools\multicol.st
y"
Package: multicol 2017/04/11 v1.8q multicolumn formatting (FMi)
\c@tracingmulticols=\count136
\mult@box=\box48
\multicol@leftmargin=\dimen149
\c@unbalance=\count137
\c@collectmore=\count138
\doublecol@number=\count139
\multicoltolerance=\count140
\multicolpretolerance=\count141
\full@width=\dimen150
\page@free=\dimen151
\premulticols=\dimen152
\postmulticols=\dimen153
\multicolsep=\skip118
\multicolbaselineskip=\skip119
\partial@page=\box49
\last@line=\box50
\maxbalancingoverflow=\dimen154
\mult@rightbox=\box51
\mult@grightbox=\box52
\mult@gfirstbox=\box53
\mult@firstbox=\box54
\@tempa=\box55
\@tempa=\box56
\@tempa=\box57
\@tempa=\box58
\@tempa=\box59
\@tempa=\box60
\@tempa=\box61
\@tempa=\box62
\@tempa=\box63
\@tempa=\box64
\@tempa=\box65
\@tempa=\box66
\@tempa=\box67
\@tempa=\box68
\@tempa=\box69
\@tempa=\box70
\@tempa=\box71
\c@columnbadness=\count142
\c@finalcolumnbadness=\count143
\last@try=\dimen155
\multicolovershoot=\dimen156
\multicolundershoot=\dimen157
\mult@nat@firstbox=\box72
\colbreak@box=\box73
\mc@col@check@num=\count144
)
("C:\Users\User\AppData\Local\Programs\MiKTeX 2.9\tex\latex\caption\caption.sty
"
Package: caption 2016/02/21 v3.3-144 Customizing captions (AR)

("C:\Users\User\AppData\Local\Programs\MiKTeX 2.9\tex\latex\caption\caption3.st
y"
Package: caption3 2016/05/22 v1.7-166 caption3 kernel (AR)
Package caption3 Info: TeX engine: e-TeX on input line 67.
\captionmargin=\dimen158
\captionmargin@=\dimen159
\captionwidth=\dimen160
\caption@tempdima=\dimen161
\caption@indent=\dimen162
\caption@parindent=\dimen163
\caption@hangindent=\dimen164
)
\c@ContinuedFloat=\count145
)
("C:\Users\User\AppData\Local\Programs\MiKTeX 2.9\tex\latex\fancyhdr\fancyhdr.s
ty"
Package: fancyhdr 2016/09/06 3.8 Extensive control of page headers and footers
\fancy@headwidth=\skip120
\f@ncyO@elh=\skip121
\f@ncyO@erh=\skip122
\f@ncyO@olh=\skip123
\f@ncyO@orh=\skip124
\f@ncyO@elf=\skip125
\f@ncyO@erf=\skip126
\f@ncyO@olf=\skip127
\f@ncyO@orf=\skip128
)
("C:\Users\User\AppData\Local\Programs\MiKTeX 2.9\tex\latex\hyperref\hyperref.s
ty"
Package: hyperref 2017/03/14 v6.85a Hypertext links for LaTeX

("C:\Users\User\AppData\Local\Programs\MiKTeX 2.9\tex\generic\oberdiek\hobsub-h
yperref.sty"
Package: hobsub-hyperref 2016/05/16 v1.14 Bundle oberdiek, subset hyperref (HO)


("C:\Users\User\AppData\Local\Programs\MiKTeX 2.9\tex\generic\oberdiek\hobsub-g
eneric.sty"
Package: hobsub-generic 2016/05/16 v1.14 Bundle oberdiek, subset generic (HO)
Package: hobsub 2016/05/16 v1.14 Construct package bundles (HO)
Package hobsub Info: Skipping package `infwarerr' (already loaded).
Package hobsub Info: Skipping package `ltxcmds' (already loaded).
Package hobsub Info: Skipping package `ifluatex' (already loaded).
Package hobsub Info: Skipping package `ifvtex' (already loaded).
Package: intcalc 2016/05/16 v1.2 Expandable calculations with integers (HO)
Package hobsub Info: Skipping package `ifpdf' (already loaded).
Package hobsub Info: Skipping package `etexcmds' (already loaded).
Package hobsub Info: Skipping package `kvsetkeys' (already loaded).
Package hobsub Info: Skipping package `kvdefinekeys' (already loaded).
Package hobsub Info: Skipping package `pdftexcmds' (already loaded).
Package: pdfescape 2016/05/16 v1.14 Implements pdfTeX's escape features (HO)
Package: bigintcalc 2016/05/16 v1.4 Expandable calculations on big integers (HO
)
Package: bitset 2016/05/16 v1.2 Handle bit-vector datatype (HO)
Package: uniquecounter 2016/05/16 v1.3 Provide unlimited unique counter (HO)
)
Package hobsub Info: Skipping package `hobsub' (already loaded).
Package: letltxmacro 2016/05/16 v1.5 Let assignment for LaTeX macros (HO)
Package: hopatch 2016/05/16 v1.3 Wrapper for package hooks (HO)
Package: xcolor-patch 2016/05/16 xcolor patch
Package: atveryend 2016/05/16 v1.9 Hooks at the very end of document (HO)
Package hobsub Info: Skipping package `atbegshi' (already loaded).
Package: refcount 2016/05/16 v3.5 Data extraction from label references (HO)
Package: hycolor 2016/05/16 v1.8 Color options for hyperref/bookmark (HO)
)
\@linkdim=\dimen165
\Hy@linkcounter=\count146
\Hy@pagecounter=\count147

("C:\Users\User\AppData\Local\Programs\MiKTeX 2.9\tex\latex\hyperref\pd1enc.def
"
File: pd1enc.def 2017/03/14 v6.85a Hyperref: PDFDocEncoding definition (HO)
)
\Hy@SavedSpaceFactor=\count148

("C:\Users\User\AppData\Local\Programs\MiKTeX 2.9\tex\latex\00miktex\hyperref.c
fg"
File: hyperref.cfg 2002/06/06 v1.2 hyperref configuration of TeXLive
)
Package hyperref Info: Hyper figures OFF on input line 4498.
Package hyperref Info: Link nesting OFF on input line 4503.
Package hyperref Info: Hyper index ON on input line 4506.
Package hyperref Info: Plain pages OFF on input line 4513.
Package hyperref Info: Backreferencing OFF on input line 4518.
Package hyperref Info: Implicit mode ON; LaTeX internals redefined.
Package hyperref Info: Bookmarks ON on input line 4751.
\c@Hy@tempcnt=\count149
 ("C:\Users\User\AppData\Local\Programs\MiKTeX 2.9\tex\latex\url\url.sty"
\Urlmuskip=\muskip16
Package: url 2013/09/16  ver 3.4  Verb mode for urls, etc.
)
LaTeX Info: Redefining \url on input line 5104.
\XeTeXLinkMargin=\dimen166
\Fld@menulength=\count150
\Field@Width=\dimen167
\Fld@charsize=\dimen168
Package hyperref Info: Hyper figures OFF on input line 6358.
Package hyperref Info: Link nesting OFF on input line 6363.
Package hyperref Info: Hyper index ON on input line 6366.
Package hyperref Info: backreferencing OFF on input line 6373.
Package hyperref Info: Link coloring OFF on input line 6378.
Package hyperref Info: Link coloring with OCG OFF on input line 6383.
Package hyperref Info: PDF/A mode OFF on input line 6388.
LaTeX Info: Redefining \ref on input line 6428.
LaTeX Info: Redefining \pageref on input line 6432.
\Hy@abspage=\count151
\c@Item=\count152
\c@Hfootnote=\count153
)

Package hyperref Message: Driver (autodetected): hxetex.

("C:\Users\User\AppData\Local\Programs\MiKTeX 2.9\tex\latex\hyperref\hxetex.def
"
File: hxetex.def 2017/03/14 v6.85a Hyperref driver for XeTeX
 ("C:\Users\User\AppData\Local\Programs\MiKTeX 2.9\tex\latex\hyperref\puenc.def
"
File: puenc.def 2017/03/14 v6.85a Hyperref: PDF Unicode definition (HO)
)
("C:\Users\User\AppData\Local\Programs\MiKTeX 2.9\tex\generic\oberdiek\stringen
c.sty"
Package: stringenc 2016/05/16 v1.11 Convert strings between diff. encodings (HO
)
)
\pdfm@box=\box74
\c@Hy@AnnotLevel=\count154
\HyField@AnnotCount=\count155
\Fld@listcount=\count156
\c@bookmark@seq@number=\count157

("C:\Users\User\AppData\Local\Programs\MiKTeX 2.9\tex\latex\oberdiek\rerunfilec
heck.sty"
Package: rerunfilecheck 2016/05/16 v1.8 Rerun checks for auxiliary files (HO)
Package rerunfilecheck Info: Feature \pdfmdfivesum is not available
(rerunfilecheck)             (e.g. pdfTeX or LuaTeX with package `pdftexcmds').

(rerunfilecheck)             Therefore file contents cannot be checked efficien
tly
(rerunfilecheck)             and the loading of the package is aborted.
)
\Hy@SectionHShift=\skip129
)
("C:\Users\User\AppData\Local\Programs\MiKTeX 2.9\tex\latex\oberdiek\transparen
t.sty"
Package: transparent 2016/05/16 v1.1 Transparency via pdfTeX's color stack (HO)



Package transparent Warning: Loading aborted, because pdfTeX is not running in 
PDF mode.

)
("C:\Users\User\AppData\Local\Programs\MiKTeX 2.9\tex\latex\eso-pic\eso-pic.sty
"
Package: eso-pic 2015/07/21 v2.0g eso-pic (RN)
))
\@input{./Resources/settings.aux}
\openout2 = `./Resources/settings.aux'.

(Resources/settings.tex) (Cookbook.aux (Resources/Copywrite.aux)
(Recipes/Breakfast/EggSandwich.aux) (Recipes/Lunch/MexicanSoup.aux)
(Recipes/Lunch/MangoSalsaTaco.aux) (Recipes/Lunch/StirFryRiceNoodle.aux)
(Recipes/Lunch/SteakSandwich.aux) (Recipes/Lunch/Pizza.aux)
(Recipes/Dinner/Calzone.aux) (Recipes/Dinner/Alfredo.aux)
(Recipes/Dinner/MarinatedChickenAndVeggies.aux) (Recipes/Dinner/Lasagna.aux)
(Recipes/Dinner/VenisonBBQ.aux) (Recipes/Snacks/FruitMedley.aux)
(Recipes/Snacks/LemonPoppyseed.aux) (Recipes/Snacks/TortillaChips.aux)
(Recipes/Snacks/MangoSalsa.aux) (Recipes/Desert/CheesecakeTopping.aux)
(Recipes/Desert/FruitTopping.aux) (Recipes/Desert/Cheesecake.aux)
(Recipes/Desert/AppleTart.aux) (Recipes/Desert/ChocolateFruit.aux))
\openout1 = `Cookbook.aux'.

LaTeX Font Info:    Checking defaults for OML/cmm/m/it on input line 14.
LaTeX Font Info:    ... okay on input line 14.
LaTeX Font Info:    Checking defaults for T1/cmr/m/n on input line 14.
LaTeX Font Info:    ... okay on input line 14.
LaTeX Font Info:    Checking defaults for OT1/cmr/m/n on input line 14.
LaTeX Font Info:    ... okay on input line 14.
LaTeX Font Info:    Checking defaults for OMS/cmsy/m/n on input line 14.
LaTeX Font Info:    ... okay on input line 14.
LaTeX Font Info:    Checking defaults for TU/lmr/m/n on input line 14.
LaTeX Font Info:    ... okay on input line 14.
LaTeX Font Info:    Checking defaults for OMX/cmex/m/n on input line 14.
LaTeX Font Info:    ... okay on input line 14.
LaTeX Font Info:    Checking defaults for U/cmr/m/n on input line 14.
LaTeX Font Info:    ... okay on input line 14.
LaTeX Font Info:    Checking defaults for PD1/pdf/m/n on input line 14.
LaTeX Font Info:    ... okay on input line 14.
LaTeX Font Info:    Checking defaults for PU/pdf/m/n on input line 14.
LaTeX Font Info:    ... okay on input line 14.

*geometry* detected driver: pdftex
*geometry* verbose mode - [ preamble ] result:
* driver: pdftex
* paper: a4paper
* layout: <same size as paper>
* layoutoffset:(h,v)=(0.0pt,0.0pt)
* modes: twoside 
* h-part:(L,W,R)=(36.135pt, 525.23788pt, 36.135pt)
* v-part:(T,H,B)=(72.26999pt, 700.50687pt, 72.26999pt)
* \paperwidth=597.50787pt
* \paperheight=845.04684pt
* \textwidth=525.23788pt
* \textheight=650.43pt
* \oddsidemargin=-36.135pt
* \evensidemargin=-36.135pt
* \topmargin=-31.8738pt
* \headheight=12.0pt
* \headsep=19.8738pt
* \topskip=11.0pt
* \footskip=27.46295pt
* \marginparwidth=106.0pt
* \marginparsep=7.0pt
* \columnsep=10.0pt
* \skip\footins=10.0pt plus 4.0pt minus 2.0pt
* \hoffset=0.0pt
* \voffset=0.0pt
* \mag=1000
* \@twocolumnfalse
* \@twosidetrue
* \@mparswitchtrue
* \@reversemarginfalse
* (1in=72.27pt=25.4mm, 1cm=28.453pt)

\AtBeginShipoutBox=\box75
Package caption Info: Begin \AtBeginDocument code.
Package caption Info: hyperref package is loaded.
Package caption Info: End \AtBeginDocument code.
Package hyperref Info: Link coloring OFF on input line 14.

("C:\Users\User\AppData\Local\Programs\MiKTeX 2.9\tex\latex\hyperref\nameref.st
y"
Package: nameref 2016/05/21 v2.44 Cross-referencing by name of section

("C:\Users\User\AppData\Local\Programs\MiKTeX 2.9\tex\generic\oberdiek\gettitle
string.sty"
Package: gettitlestring 2016/05/16 v1.5 Cleanup title references (HO)
)
\c@section@level=\count158
)
LaTeX Info: Redefining \ref on input line 14.
LaTeX Info: Redefining \pageref on input line 14.
LaTeX Info: Redefining \nameref on input line 14.
 (Cookbook.out) (Cookbook.out)
\@outlinefile=\write3
\openout3 = `Cookbook.out'.

LaTeX Font Info:    External font `cmex10' loaded for size
(Font)              <12> on input line 23.
LaTeX Font Info:    External font `cmex10' loaded for size
(Font)              <8> on input line 23.
LaTeX Font Info:    External font `cmex10' loaded for size
(Font)              <6> on input line 23.

("C:\Users\User\AppData\Local\Programs\MiKTeX 2.9\tex\generic\oberdiek\se-ascii
-print.def"
File: se-ascii-print.def 2016/05/16 v1.11 stringenc: Printable ASCII characters

)
! Undefined control sequence.
<argument> ...ore \vfill \centering {\transparent 
                                                  {0.3} \includegraphics [he...
l.23 \include
             {./Resources/Copywrite}
The control sequence at the end of the top line
of your error message was never \def'ed. If you have
misspelled it (e.g., `\hobx'), type `I' and the correct
spelling (e.g., `I\hbox'). Otherwise just continue,
and I'll forget about whatever was undefined.

File: ./Images/ChickenSalad.jpg Graphic file (type QTm)
<use  "./Images/ChickenSalad.jpg" >
Overfull \hbox (320.10342pt too wide) has occurred while \output is active
 [] 
 []

[1








]
\openout2 = `./Resources/Copywrite.aux'.

 (Resources/Copywrite.tex
LaTeX Font Info:    External font `cmex10' loaded for size
(Font)              <9> on input line 22.
LaTeX Font Info:    External font `cmex10' loaded for size
(Font)              <5> on input line 22.

Underfull \hbox (badness 10000) in paragraph at lines 30--36

 []

! Undefined control sequence.
<argument> ...ore \vfill \centering {\transparent 
                                                  {0.3} \includegraphics [he...
l.40 \clearpage
               
The control sequence at the end of the top line
of your error message was never \def'ed. If you have
misspelled it (e.g., `\hobx'), type `I' and the correct
spelling (e.g., `I\hbox'). Otherwise just continue,
and I'll forget about whatever was undefined.

File: ./Images/TowerGarden.jpg Graphic file (type QTm)
<use  "./Images/TowerGarden.jpg" >
Overfull \hbox (36.27332pt too wide) has occurred while \output is active
 [] 
 []

[2

]) (Cookbook.toc
LaTeX Font Info:    External font `cmex10' loaded for size
(Font)              <10.95> on input line 2.
)
\tf@toc=\write4
\openout4 = `Cookbook.toc'.

 [3



] [4]
Chapter 1.
[1


]
\openout2 = `./Recipes/Breakfast/EggSandwich.aux'.

 (Recipes/Breakfast/EggSandwich.tex)
! Undefined control sequence.
<argument> ...ore \vfill \centering {\transparent 
                                                  {0.3} \includegraphics [he...
l.36 \include{./Recipes/Breakfast/EggSandwich}
                                              
The control sequence at the end of the top line
of your error message was never \def'ed. If you have
misspelled it (e.g., `\hobx'), type `I' and the correct
spelling (e.g., `I\hbox'). Otherwise just continue,
and I'll forget about whatever was undefined.

File: ./Images/EggSandwich.jpg Graphic file (type QTm)
<use  "./Images/EggSandwich.jpg" >
Overfull \hbox (262.82pt too wide) has occurred while \output is active
 [] 
 []

[2

]
Chapter 2.
[3


]
\openout2 = `./Recipes/Lunch/MexicanSoup.aux'.

 (Recipes/Lunch/MexicanSoup.tex)
! Undefined control sequence.
<argument> ...ore \vfill \centering {\transparent 
                                                  {0.3} \includegraphics [he...
l.41 \include{./Recipes/Lunch/MexicanSoup}
                                          
The control sequence at the end of the top line
of your error message was never \def'ed. If you have
misspelled it (e.g., `\hobx'), type `I' and the correct
spelling (e.g., `I\hbox'). Otherwise just continue,
and I'll forget about whatever was undefined.

File: ./Images/SpicyMexicanSoup.png Graphic file (type QTm)
<use  "./Images/SpicyMexicanSoup.png" >
Overfull \hbox (250.46582pt too wide) has occurred while \output is active
 [] 
 []

[4

]
\openout2 = `./Recipes/Lunch/MangoSalsaTaco.aux'.

 (Recipes/Lunch/MangoSalsaTaco.tex)
! Undefined control sequence.
<argument> ...ore \vfill \centering {\transparent 
                                                  {0.3} \includegraphics [he...
l.42 \include{./Recipes/Lunch/MangoSalsaTaco}
                                             
The control sequence at the end of the top line
of your error message was never \def'ed. If you have
misspelled it (e.g., `\hobx'), type `I' and the correct
spelling (e.g., `I\hbox'). Otherwise just continue,
and I'll forget about whatever was undefined.

File: ./Images/MangeSalsaTacos.png Graphic file (type QTm)
<use  "./Images/MangeSalsaTacos.png" >
Overfull \hbox (253.32619pt too wide) has occurred while \output is active
 [] 
 []

[5


]
\openout2 = `./Recipes/Lunch/StirFryRiceNoodle.aux'.

 (Recipes/Lunch/StirFryRiceNoodle.tex)
! Undefined control sequence.
<argument> ...ore \vfill \centering {\transparent 
                                                  {0.3} \includegraphics [he...
l.43 \include{./Recipes/Lunch/StirFryRiceNoodle}
                                                
The control sequence at the end of the top line
of your error message was never \def'ed. If you have
misspelled it (e.g., `\hobx'), type `I' and the correct
spelling (e.g., `I\hbox'). Otherwise just continue,
and I'll forget about whatever was undefined.

File: ./Images/StirFry_RiceNoodles.png Graphic file (type QTm)
<use  "./Images/StirFry_RiceNoodles.png" >
Overfull \hbox (652.60175pt too wide) has occurred while \output is active
 [] 
 []

[6


]
\openout2 = `./Recipes/Lunch/SteakSandwich.aux'.

 (Recipes/Lunch/SteakSandwich.tex)
! Undefined control sequence.
<argument> ...ore \vfill \centering {\transparent 
                                                  {0.3} \includegraphics [he...
l.44 \include{./Recipes/Lunch/SteakSandwich}
                                            
The control sequence at the end of the top line
of your error message was never \def'ed. If you have
misspelled it (e.g., `\hobx'), type `I' and the correct
spelling (e.g., `I\hbox'). Otherwise just continue,
and I'll forget about whatever was undefined.

File: ./Images/SteakSandwich.png Graphic file (type QTm)
<use  "./Images/SteakSandwich.png" >
Overfull \hbox (36.33578pt too wide) has occurred while \output is active
 [] 
 []

[7


]
\openout2 = `./Recipes/Lunch/Pizza.aux'.

 (Recipes/Lunch/Pizza.tex)
! Undefined control sequence.
<argument> ...ore \vfill \centering {\transparent 
                                                  {0.3} \includegraphics [he...
l.45 \include{./Recipes/Lunch/Pizza}
                                    
The control sequence at the end of the top line
of your error message was never \def'ed. If you have
misspelled it (e.g., `\hobx'), type `I' and the correct
spelling (e.g., `I\hbox'). Otherwise just continue,
and I'll forget about whatever was undefined.

File: ./Images/Pizza.jpg Graphic file (type QTm)
<use  "./Images/Pizza.jpg" >
Overfull \hbox (529.21423pt too wide) has occurred while \output is active
 [] 
 []

[8


]
Chapter 3.
[9


]
\openout2 = `./Recipes/Dinner/Calzone.aux'.

 (Recipes/Dinner/Calzone.tex)
! Undefined control sequence.
<argument> ...ore \vfill \centering {\transparent 
                                                  {0.3} \includegraphics [he...
l.48 \include{./Recipes/Dinner/Calzone}
                                       
The control sequence at the end of the top line
of your error message was never \def'ed. If you have
misspelled it (e.g., `\hobx'), type `I' and the correct
spelling (e.g., `I\hbox'). Otherwise just continue,
and I'll forget about whatever was undefined.

File: ./Images/Calzone.jpg Graphic file (type QTm)
<use  "./Images/Calzone.jpg" >
Overfull \hbox (166.84805pt too wide) has occurred while \output is active
 [] 
 []

[10

]
\openout2 = `./Recipes/Dinner/Alfredo.aux'.

 (Recipes/Dinner/Alfredo.tex
Underfull \hbox (badness 10000) in paragraph at lines 18--19
[]$[]$ \TU/lmr/m/n/10.95 cup parmesan/romano
 []

)
! Undefined control sequence.
<argument> ...ore \vfill \centering {\transparent 
                                                  {0.3} \includegraphics [he...
l.49 \include{./Recipes/Dinner/Alfredo}
                                       
The control sequence at the end of the top line
of your error message was never \def'ed. If you have
misspelled it (e.g., `\hobx'), type `I' and the correct
spelling (e.g., `I\hbox'). Otherwise just continue,
and I'll forget about whatever was undefined.

File: ./Images/Alfredo.png Graphic file (type QTm)
<use  "./Images/Alfredo.png" >
Overfull \hbox (249.03563pt too wide) has occurred while \output is active
 [] 
 []

[11


]
\openout2 = `./Recipes/Dinner/MarinatedChickenAndVeggies.aux'.

 (Recipes/Dinner/MarinatedChickenAndVeggies.tex)
! Undefined control sequence.
<argument> ...ore \vfill \centering {\transparent 
                                                  {0.3} \includegraphics [he...
l.50 ...Recipes/Dinner/MarinatedChickenAndVeggies}
                                                  
The control sequence at the end of the top line
of your error message was never \def'ed. If you have
misspelled it (e.g., `\hobx'), type `I' and the correct
spelling (e.g., `I\hbox'). Otherwise just continue,
and I'll forget about whatever was undefined.

File: ./Images/chickenveggiesrice.jpg Graphic file (type QTm)
<use  "./Images/chickenveggiesrice.jpg" >
Overfull \hbox (398.50046pt too wide) has occurred while \output is active
 [] 
 []

[12


]
\openout2 = `./Recipes/Dinner/Lasagna.aux'.

 (Recipes/Dinner/Lasagna.tex)
! Undefined control sequence.
<argument> ...ore \vfill \centering {\transparent 
                                                  {0.3} \includegraphics [he...
l.51 \include{./Recipes/Dinner/Lasagna}
                                       
The control sequence at the end of the top line
of your error message was never \def'ed. If you have
misspelled it (e.g., `\hobx'), type `I' and the correct
spelling (e.g., `I\hbox'). Otherwise just continue,
and I'll forget about whatever was undefined.

File: ./Images/Lasagna.jpg Graphic file (type QTm)
<use  "./Images/Lasagna.jpg" >
Overfull \hbox (529.21423pt too wide) has occurred while \output is active
 [] 
 []

[13


]
\openout2 = `./Recipes/Dinner/VenisonBBQ.aux'.

 (Recipes/Dinner/VenisonBBQ.tex)
! Undefined control sequence.
<argument> ...ore \vfill \centering {\transparent 
                                                  {0.3} \includegraphics [he...
l.52 \include{./Recipes/Dinner/VenisonBBQ}
                                          
The control sequence at the end of the top line
of your error message was never \def'ed. If you have
misspelled it (e.g., `\hobx'), type `I' and the correct
spelling (e.g., `I\hbox'). Otherwise just continue,
and I'll forget about whatever was undefined.

File: ./Images/VenisonBBQSauce.jpg Graphic file (type QTm)
<use  "./Images/VenisonBBQSauce.jpg" >
Overfull \hbox (361.45662pt too wide) has occurred while \output is active
 [] 
 []

[14


]
Chapter 4.
[15


]
\openout2 = `./Recipes/Snacks/FruitMedley.aux'.

 (Recipes/Snacks/FruitMedley.tex)
! Undefined control sequence.
<argument> ...ore \vfill \centering {\transparent 
                                                  {0.3} \includegraphics [he...
l.55 \include{./Recipes/Snacks/FruitMedley}
                                           
The control sequence at the end of the top line
of your error message was never \def'ed. If you have
misspelled it (e.g., `\hobx'), type `I' and the correct
spelling (e.g., `I\hbox'). Otherwise just continue,
and I'll forget about whatever was undefined.

File: ./Images/FruitMedley.jpg Graphic file (type QTm)
<use  "./Images/FruitMedley.jpg" >
Overfull \hbox (530.53479pt too wide) has occurred while \output is active
 [] 
 []

[16

]
\openout2 = `./Recipes/Snacks/LemonPoppyseed.aux'.

 (Recipes/Snacks/LemonPoppyseed.tex)
! Undefined control sequence.
<argument> ...ore \vfill \centering {\transparent 
                                                  {0.3} \includegraphics [he...
l.56 \include{./Recipes/Snacks/LemonPoppyseed}
                                              
The control sequence at the end of the top line
of your error message was never \def'ed. If you have
misspelled it (e.g., `\hobx'), type `I' and the correct
spelling (e.g., `I\hbox'). Otherwise just continue,
and I'll forget about whatever was undefined.

File: ./Images/LemonPoppyseed.jpg Graphic file (type QTm)
<use  "./Images/LemonPoppyseed.jpg" >
Overfull \hbox (198.86728pt too wide) has occurred while \output is active
 [] 
 []

[17


]
\openout2 = `./Recipes/Snacks/TortillaChips.aux'.

 (Recipes/Snacks/TortillaChips.tex)
! Undefined control sequence.
<argument> ...ore \vfill \centering {\transparent 
                                                  {0.3} \includegraphics [he...
l.57 \include{./Recipes/Snacks/TortillaChips}
                                             
The control sequence at the end of the top line
of your error message was never \def'ed. If you have
misspelled it (e.g., `\hobx'), type `I' and the correct
spelling (e.g., `I\hbox'). Otherwise just continue,
and I'll forget about whatever was undefined.

File: ./Images/TortillaChips.jpg Graphic file (type QTm)
<use  "./Images/TortillaChips.jpg" >
Overfull \hbox (36.27332pt too wide) has occurred while \output is active
 [] 
 []

[18


]
Chapter 5.
[19


]
\openout2 = `./Recipes/Snacks/MangoSalsa.aux'.

 (Recipes/Snacks/MangoSalsa.tex)
! Undefined control sequence.
<argument> ...ore \vfill \centering {\transparent 
                                                  {0.3} \includegraphics [he...
l.60 \include{./Recipes/Snacks/MangoSalsa}
                                          
The control sequence at the end of the top line
of your error message was never \def'ed. If you have
misspelled it (e.g., `\hobx'), type `I' and the correct
spelling (e.g., `I\hbox'). Otherwise just continue,
and I'll forget about whatever was undefined.

File: ./Images/MangoSalsa.jpg Graphic file (type QTm)
<use  "./Images/MangoSalsa.jpg" >
Overfull \hbox (36.27332pt too wide) has occurred while \output is active
 [] 
 []

[20

]
\openout2 = `./Recipes/Desert/CheesecakeTopping.aux'.

 (Recipes/Desert/CheesecakeTopping.tex)
! Undefined control sequence.
<argument> ...ore \vfill \centering {\transparent 
                                                  {0.3} \includegraphics [he...
l.61 \include{./Recipes/Desert/CheesecakeTopping}
                                                 
The control sequence at the end of the top line
of your error message was never \def'ed. If you have
misspelled it (e.g., `\hobx'), type `I' and the correct
spelling (e.g., `I\hbox'). Otherwise just continue,
and I'll forget about whatever was undefined.

File: ./Images/CheesecakeTopping.png Graphic file (type QTm)
<use  "./Images/CheesecakeTopping.png" >
Overfull \hbox (476.6855pt too wide) has occurred while \output is active
 [] 
 []

[21


]
\openout2 = `./Recipes/Desert/FruitTopping.aux'.

 (Recipes/Desert/FruitTopping.tex)
! Undefined control sequence.
<argument> ...ore \vfill \centering {\transparent 
                                                  {0.3} \includegraphics [he...
l.62 \include{./Recipes/Desert/FruitTopping}
                                            
The control sequence at the end of the top line
of your error message was never \def'ed. If you have
misspelled it (e.g., `\hobx'), type `I' and the correct
spelling (e.g., `I\hbox'). Otherwise just continue,
and I'll forget about whatever was undefined.

File: ./Images/PancakesWithApple.jpg Graphic file (type QTm)
<use  "./Images/PancakesWithApple.jpg" >
Overfull \hbox (529.69722pt too wide) has occurred while \output is active
 [] 
 []

[22


]
Chapter 6.
[23


]
\openout2 = `./Recipes/Desert/Cheesecake.aux'.

 (Recipes/Desert/Cheesecake.tex)
! Undefined control sequence.
<argument> ...ore \vfill \centering {\transparent 
                                                  {0.3} \includegraphics [he...
l.65 \include{./Recipes/Desert/Cheesecake}
                                          
The control sequence at the end of the top line
of your error message was never \def'ed. If you have
misspelled it (e.g., `\hobx'), type `I' and the correct
spelling (e.g., `I\hbox'). Otherwise just continue,
and I'll forget about whatever was undefined.

File: ./Images/MarbledCheesecake.png Graphic file (type QTm)
<use  "./Images/MarbledCheesecake.png" >
Overfull \hbox (744.44531pt too wide) has occurred while \output is active
 [] 
 []

[24

]
\openout2 = `./Recipes/Desert/AppleTart.aux'.

 (Recipes/Desert/AppleTart.tex)
! Undefined control sequence.
<argument> ...ore \vfill \centering {\transparent 
                                                  {0.3} \includegraphics [he...
l.66 \include{./Recipes/Desert/AppleTart}
                                         
The control sequence at the end of the top line
of your error message was never \def'ed. If you have
misspelled it (e.g., `\hobx'), type `I' and the correct
spelling (e.g., `I\hbox'). Otherwise just continue,
and I'll forget about whatever was undefined.

File: ./Images/AppleTartDesert.png Graphic file (type QTm)
<use  "./Images/AppleTartDesert.png" >
Overfull \hbox (246.20029pt too wide) has occurred while \output is active
 [] 
 []

[25


]
\openout2 = `./Recipes/Desert/ChocolateFruit.aux'.

 (Recipes/Desert/ChocolateFruit.tex)
! Undefined control sequence.
<argument> ...ore \vfill \centering {\transparent 
                                                  {0.3} \includegraphics [he...
l.67 \include{./Recipes/Desert/ChocolateFruit}
                                              
The control sequence at the end of the top line
of your error message was never \def'ed. If you have
misspelled it (e.g., `\hobx'), type `I' and the correct
spelling (e.g., `I\hbox'). Otherwise just continue,
and I'll forget about whatever was undefined.

File: ./Images/Strawberries.jpg Graphic file (type QTm)
<use  "./Images/Strawberries.jpg" >
Overfull \hbox (301.89006pt too wide) has occurred while \output is active
 [] 
 []

[26


]
Package atveryend Info: Empty hook `BeforeClearDocument' on input line 73.
Package atveryend Info: Empty hook `AfterLastShipout' on input line 73.
 (Cookbook.aux (Resources/Copywrite.aux) (Recipes/Breakfast/EggSandwich.aux) (R
ecipes/Lunch/MexicanSoup.aux) (Recipes/Lunch/MangoSalsaTaco.aux)
(Recipes/Lunch/StirFryRiceNoodle.aux) (Recipes/Lunch/SteakSandwich.aux)
(Recipes/Lunch/Pizza.aux) (Recipes/Dinner/Calzone.aux)
(Recipes/Dinner/Alfredo.aux) (Recipes/Dinner/MarinatedChickenAndVeggies.aux)
(Recipes/Dinner/Lasagna.aux) (Recipes/Dinner/VenisonBBQ.aux)
(Recipes/Snacks/FruitMedley.aux) (Recipes/Snacks/LemonPoppyseed.aux)
(Recipes/Snacks/TortillaChips.aux) (Recipes/Snacks/MangoSalsa.aux)
(Recipes/Desert/CheesecakeTopping.aux) (Recipes/Desert/FruitTopping.aux)
(Recipes/Desert/Cheesecake.aux) (Recipes/Desert/AppleTart.aux)
(Recipes/Desert/ChocolateFruit.aux))
Package atveryend Info: Empty hook `AtVeryEndDocument' on input line 73.
Package atveryend Info: Empty hook `AtEndAfterFileList' on input line 73.
 ) 
Here is how much of TeX's memory you used:
 18698 strings out of 427841
 318797 string characters out of 3148764
 396801 words of memory out of 3000000
 22373 multiletter control sequences out of 15000+200000
 8692 words of font info for 46 fonts, out of 3000000 for 9000
 1328 hyphenation exceptions out of 8191
 43i,13n,50p,10451b,342s stack positions out of 5000i,500n,10000p,200000b,50000s

Output written on Cookbook.pdf (30 pages).
